h:\ds_c++\lab sc\lab_04_05_06_07_7.1_08_8.1\lab_004\debug\vc140.pdb
h:\ds_c++\lab sc\lab_04_05_06_07_7.1_08_8.1\lab_004\debug\vc140.idb
h:\ds_c++\lab sc\lab_04_05_06_07_7.1_08_8.1\lab_004\debug\circular_sll.obj
h:\ds_c++\lab sc\lab_04_05_06_07_7.1_08_8.1\lab_004\debug\lab_8.obj
h:\ds_c++\lab sc\lab_04_05_06_07_7.1_08_8.1\lab_004\debug\lab_007.obj
h:\ds_c++\lab sc\lab_04_05_06_07_7.1_08_8.1\lab_004\debug\lab_008.obj
h:\ds_c++\lab sc\lab_04_05_06_07_7.1_08_8.1\lab_004\debug\lab_06.obj
h:\ds_c++\lab sc\lab_04_05_06_07_7.1_08_8.1\lab_004\debug\lab_10.obj
h:\ds_c++\lab sc\lab_04_05_06_07_7.1_08_8.1\lab_004\debug\lab_4.obj
h:\ds_c++\lab sc\lab_04_05_06_07_7.1_08_8.1\lab_004\debug\lab_5.obj
h:\ds_c++\lab sc\lab_04_05_06_07_7.1_08_8.1\lab_004\debug\lab_7.obj
h:\ds_c++\lab sc\lab_04_05_06_07_7.1_08_8.1\lab_004\debug\lab_09.obj
h:\ds_c++\lab sc\lab_04_05_06_07_7.1_08_8.1\lab_004\debug\lab_08.obj
h:\ds_c++\lab sc\lab_04_05_06_07_7.1_08_8.1\lab_004\debug\lab_04.obj
h:\ds_c++\lab sc\lab_04_05_06_07_7.1_08_8.1\lab_004\debug\lab_05.obj
h:\ds_c++\lab sc\lab_04_05_06_07_7.1_08_8.1\lab_004\debug\lab_07.obj
h:\ds_c++\lab sc\lab_04_05_06_07_7.1_08_8.1\lab_004\debug\lab-8.obj
h:\ds_c++\lab sc\lab_04_05_06_07_7.1_08_8.1\lab_004\debug\task_01.obj
h:\ds_c++\lab sc\lab_04_05_06_07_7.1_08_8.1\debug\lab_004.pdb
h:\ds_c++\lab sc\lab_04_05_06_07_7.1_08_8.1\lab_004\debug\lab_004.tlog\cl.command.1.tlog
h:\ds_c++\lab sc\lab_04_05_06_07_7.1_08_8.1\lab_004\debug\lab_004.tlog\cl.read.1.tlog
h:\ds_c++\lab sc\lab_04_05_06_07_7.1_08_8.1\lab_004\debug\lab_004.tlog\cl.write.1.tlog
h:\ds_c++\lab sc\lab_04_05_06_07_7.1_08_8.1\lab_004\debug\lab_004.tlog\link.7444.read.1.tlog
h:\ds_c++\lab sc\lab_04_05_06_07_7.1_08_8.1\lab_004\debug\lab_004.tlog\link.7444.write.1.tlog
h:\ds_c++\lab sc\lab_04_05_06_07_7.1_08_8.1\lab_004\debug\lab_004.tlog\link.command.1.tlog
h:\ds_c++\lab sc\lab_04_05_06_07_7.1_08_8.1\lab_004\debug\lab_004.tlog\link.read.1.tlog
h:\ds_c++\lab sc\lab_04_05_06_07_7.1_08_8.1\lab_004\debug\lab_004.tlog\link.write.1.tlog
