Build started 5/31/2018 10:31:12 AM.
     1>Project "H:\DS_C++\LAB SC\Lab_04_05_06_07_7.1_08_8.1_09_10\Lab_004\Lab_004.vcxproj" on node 2 (Build target(s)).
     1>ClCompile:
         C:\Program Files\Microsoft Visual Studio 14.0\VC\bin\CL.exe /c /ZI /nologo /W3 /WX- /sdl /Od /Oy- /D _MBCS /Gm /EHsc /RTC1 /MDd /GS /fp:precise /Zc:wchar_t /Zc:forScope /Zc:inline /Fo"Debug\\" /Fd"Debug\vc140.pdb" /Gd /TP /analyze- /errorReport:prompt "Lab 05 using 07.cpp" "Lab 06 using 07.cpp"
         Lab 06 using 07.cpp
         Lab 05 using 07.cpp
         Generating Code...
       Link:
         C:\Program Files\Microsoft Visual Studio 14.0\VC\bin\link.exe /ERRORREPORT:PROMPT /OUT:"H:\DS_C++\LAB SC\Lab_04_05_06_07_7.1_08_8.1_09_10\Debug\Lab_004.exe" /INCREMENTAL /NOLOGO kernel32.lib user32.lib gdi32.lib winspool.lib comdlg32.lib advapi32.lib shell32.lib ole32.lib oleaut32.lib uuid.lib odbc32.lib odbccp32.lib /MANIFEST /MANIFESTUAC:"level='asInvoker' uiAccess='false'" /manifest:embed /Debug /PDB:"H:\DS_C++\LAB SC\Lab_04_05_06_07_7.1_08_8.1_09_10\Debug\Lab_004.pdb" /TLBID:1 /DYNAMICBASE /NXCOMPAT /IMPLIB:"H:\DS_C++\LAB SC\Lab_04_05_06_07_7.1_08_8.1_09_10\Debug\Lab_004.lib" /MACHINE:X86 Debug\Circular_SLL.obj
         "Debug\Lab 05 using 07.obj"
         "Debug\Lab 06 using 07.obj"
         Debug\Lab_09.obj
         Debug\Lab_08.obj
         Debug\Lab_007.obj
         Debug\Lab_008.obj
         Debug\Lab_06.obj
         Debug\Lab_10.obj
         Debug\Lab_04.obj
         Debug\Lab_05.obj
         Debug\Lab_07.obj
         Lab_004.vcxproj -> H:\DS_C++\LAB SC\Lab_04_05_06_07_7.1_08_8.1_09_10\Debug\Lab_004.exe
     1>Done Building Project "H:\DS_C++\LAB SC\Lab_04_05_06_07_7.1_08_8.1_09_10\Lab_004\Lab_004.vcxproj" (Build target(s)).

Build succeeded.

Time Elapsed 00:00:12.23
